{"name": "Filter_price_high_to_low", "status": "broken", "statusDetails": {"message": "selenium.common.exceptions.NoSuchElementException: Message: An element could not be located on the page using the given search parameters.\nStacktrace:\nNoSuchElementError: An element could not be located on the page using the given search parameters.\n    at AndroidUiautomator2Driver.findElOrEls (E:\\Users\\1068555\\AppData\\Local\\Programs\\Appium Server GUI\\resources\\app\\node_modules\\appium\\node_modules\\appium-android-driver\\lib\\commands\\find.js:75:11)\n    at processTicksAndRejections (internal/process/task_queues.js:97:5)\n    at AndroidUiautomator2Driver.findElOrElsWithProcessing (E:\\Users\\1068555\\AppData\\Local\\Programs\\Appium Server GUI\\resources\\app\\node_modules\\appium\\node_modules\\appium-base-driver\\lib\\basedriver\\commands\\find.js:33:12)\n    at AndroidUiautomator2Driver.findElement (E:\\Users\\1068555\\AppData\\Local\\Programs\\Appium Server GUI\\resources\\app\\node_modules\\appium\\node_modules\\appium-base-driver\\lib\\basedriver\\commands\\find.js:53:10)\n", "trace": "  File \"E:\\Users\\1068555\\AppData\\Local\\Programs\\Python\\Python310\\lib\\site-packages\\behave\\model.py\", line 1329, in run\n    match.run(runner.context)\n  File \"E:\\Users\\1068555\\AppData\\Local\\Programs\\Python\\Python310\\lib\\site-packages\\behave\\matchers.py\", line 98, in run\n    self.func(context, *args, **kwargs)\n  File \"steps\\add_product_to_cart_steps.py\", line 13, in step_impl\n    login_screen.fill_text(*login_screen.txt_password,\n  File \"E:\\Users\\1068555\\Documentos\\QA Course - WIzeline\\QA Automation\\demobehave\\Behave\\utils\\base_actions.py\", line 21, in fill_text\n    text_field = self.find_element(*locator)\n  File \"E:\\Users\\1068555\\Documentos\\QA Course - WIzeline\\QA Automation\\demobehave\\Behave\\utils\\base_actions.py\", line 10, in find_element\n    return self.driver.find_element(*locator)\n  File \"E:\\Users\\1068555\\AppData\\Local\\Programs\\Python\\Python310\\lib\\site-packages\\appium\\webdriver\\webdriver.py\", line 387, in find_element\n    return self.execute(RemoteCommand.FIND_ELEMENT, {'using': by, 'value': value})['value']\n  File \"E:\\Users\\1068555\\AppData\\Local\\Programs\\Python\\Python310\\lib\\site-packages\\selenium\\webdriver\\remote\\webdriver.py\", line 440, in execute\n    self.error_handler.check_response(response)\n  File \"E:\\Users\\1068555\\AppData\\Local\\Programs\\Python\\Python310\\lib\\site-packages\\appium\\webdriver\\errorhandler.py\", line 30, in check_response\n    raise wde\n  File \"E:\\Users\\1068555\\AppData\\Local\\Programs\\Python\\Python310\\lib\\site-packages\\appium\\webdriver\\errorhandler.py\", line 26, in check_response\n    super().check_response(response)\n  File \"E:\\Users\\1068555\\AppData\\Local\\Programs\\Python\\Python310\\lib\\site-packages\\selenium\\webdriver\\remote\\errorhandler.py\", line 245, in check_response\n    raise exception_class(message, screen, stacktrace)\n"}, "steps": [{"name": "Given we are in the \"Productos\" screen", "status": "broken", "statusDetails": {"message": "selenium.common.exceptions.NoSuchElementException: Message: An element could not be located on the page using the given search parameters.\nStacktrace:\nNoSuchElementError: An element could not be located on the page using the given search parameters.\n    at AndroidUiautomator2Driver.findElOrEls (E:\\Users\\1068555\\AppData\\Local\\Programs\\Appium Server GUI\\resources\\app\\node_modules\\appium\\node_modules\\appium-android-driver\\lib\\commands\\find.js:75:11)\n    at processTicksAndRejections (internal/process/task_queues.js:97:5)\n    at AndroidUiautomator2Driver.findElOrElsWithProcessing (E:\\Users\\1068555\\AppData\\Local\\Programs\\Appium Server GUI\\resources\\app\\node_modules\\appium\\node_modules\\appium-base-driver\\lib\\basedriver\\commands\\find.js:33:12)\n    at AndroidUiautomator2Driver.findElement (E:\\Users\\1068555\\AppData\\Local\\Programs\\Appium Server GUI\\resources\\app\\node_modules\\appium\\node_modules\\appium-base-driver\\lib\\basedriver\\commands\\find.js:53:10)\n", "trace": "  File \"E:\\Users\\1068555\\AppData\\Local\\Programs\\Python\\Python310\\lib\\site-packages\\behave\\model.py\", line 1329, in run\n    match.run(runner.context)\n  File \"E:\\Users\\1068555\\AppData\\Local\\Programs\\Python\\Python310\\lib\\site-packages\\behave\\matchers.py\", line 98, in run\n    self.func(context, *args, **kwargs)\n  File \"steps\\add_product_to_cart_steps.py\", line 13, in step_impl\n    login_screen.fill_text(*login_screen.txt_password,\n  File \"E:\\Users\\1068555\\Documentos\\QA Course - WIzeline\\QA Automation\\demobehave\\Behave\\utils\\base_actions.py\", line 21, in fill_text\n    text_field = self.find_element(*locator)\n  File \"E:\\Users\\1068555\\Documentos\\QA Course - WIzeline\\QA Automation\\demobehave\\Behave\\utils\\base_actions.py\", line 10, in find_element\n    return self.driver.find_element(*locator)\n  File \"E:\\Users\\1068555\\AppData\\Local\\Programs\\Python\\Python310\\lib\\site-packages\\appium\\webdriver\\webdriver.py\", line 387, in find_element\n    return self.execute(RemoteCommand.FIND_ELEMENT, {'using': by, 'value': value})['value']\n  File \"E:\\Users\\1068555\\AppData\\Local\\Programs\\Python\\Python310\\lib\\site-packages\\selenium\\webdriver\\remote\\webdriver.py\", line 440, in execute\n    self.error_handler.check_response(response)\n  File \"E:\\Users\\1068555\\AppData\\Local\\Programs\\Python\\Python310\\lib\\site-packages\\appium\\webdriver\\errorhandler.py\", line 30, in check_response\n    raise wde\n  File \"E:\\Users\\1068555\\AppData\\Local\\Programs\\Python\\Python310\\lib\\site-packages\\appium\\webdriver\\errorhandler.py\", line 26, in check_response\n    super().check_response(response)\n  File \"E:\\Users\\1068555\\AppData\\Local\\Programs\\Python\\Python310\\lib\\site-packages\\selenium\\webdriver\\remote\\errorhandler.py\", line 245, in check_response\n    raise exception_class(message, screen, stacktrace)\n"}, "start": 1683340929868, "stop": 1683340941348}, {"name": "When we tap on \"Filtro\" button", "status": "skipped", "start": 1683340941349, "stop": 1683340941349}, {"name": "And we tap in \"Price (high to low)\" option", "status": "skipped", "start": 1683340941349, "stop": 1683340941349}, {"name": "Then we validate that the list of products is sorted by the filter from hightest to lowest", "status": "skipped", "start": 1683340941349, "stop": 1683340941349}], "start": 1683340918033, "stop": 1683340941349, "uuid": "5df76ddc-48dd-47b5-84e3-a26a36837a25", "historyId": "cc0d83d66161cf84094bf850685e0d4a", "labels": [{"name": "severity", "value": "normal"}, {"name": "tag", "value": "Regression"}, {"name": "feature", "value": "FILTER_PRODUCT_LIST"}, {"name": "framework", "value": "behave"}, {"name": "language", "value": "cpython3"}]}